[2023-02-04T04:54:45.655Z][QUERY]: SELECT * FROM current_schema()
[2023-02-04T04:54:45.710Z][QUERY]: CREATE EXTENSION IF NOT EXISTS "uuid-ossp"
[2023-02-04T04:54:45.712Z][QUERY]: SELECT version();
[2023-02-04T04:54:45.714Z][QUERY]: SELECT * FROM "information_schema"."tables" WHERE "table_schema" = 'public' AND "table_name" = 'typeorm_migrations'
[2023-02-04T04:54:45.743Z][QUERY]: SELECT * FROM "typeorm_migrations" "typeorm_migrations" ORDER BY "id" DESC
[2023-02-04T04:54:45.748Z]2 migrations are already loaded in the database.
[2023-02-04T04:54:45.748Z]1 migrations were found in the source code.
[2023-02-04T04:54:45.749Z]AddVerifyAccountOtpColumnToUsers1674308418603 is the last executed migration. It was executed on Sat Jan 21 2023 19:10:18 GMT+0530 (India Standard Time).
[2023-02-04T04:54:45.749Z]1 migrations are new migrations must be executed.
[2023-02-04T04:54:45.750Z][QUERY]: START TRANSACTION
[2023-02-04T04:54:45.751Z][QUERY]: 
            create table if not exists users(
                id uuid DEFAULT uuid_generate_v4() NOT NULL,
                first_name varchar,
                last_name varchar,
                email varchar unique,
                password varchar,
                otp varchar(6),
                is_verified boolean default false,
                last_login_at timestamp default null,
                primary key(id)
            );
[2023-02-04T04:54:45.782Z][QUERY]: INSERT INTO "typeorm_migrations"("timestamp", "name") VALUES ($1, $2) -- PARAMETERS: [1675486380446,"CreateUsersTable1675486380446"]
[2023-02-04T04:54:45.785Z]Migration CreateUsersTable1675486380446 has been  executed successfully.
[2023-02-04T04:54:45.786Z][QUERY]: COMMIT
[2023-02-04T05:03:21.669Z][QUERY]: SELECT * FROM current_schema()
[2023-02-04T05:03:21.719Z][QUERY]: CREATE EXTENSION IF NOT EXISTS "uuid-ossp"
[2023-02-04T05:03:21.720Z][QUERY]: SELECT version();
[2023-02-04T05:03:21.722Z][QUERY]: SELECT * FROM "information_schema"."tables" WHERE "table_schema" = 'public' AND "table_name" = 'typeorm_migrations'
[2023-02-04T05:03:21.732Z][QUERY]: SELECT * FROM "typeorm_migrations" "typeorm_migrations" ORDER BY "id" DESC
[2023-02-04T05:03:21.734Z]0 migrations are already loaded in the database.
[2023-02-04T05:03:21.734Z]1 migrations were found in the source code.
[2023-02-04T05:03:21.734Z]1 migrations are new migrations must be executed.
[2023-02-04T05:03:21.735Z][QUERY]: START TRANSACTION
[2023-02-04T05:03:21.736Z][QUERY]: 
            create table if not exists users(
                id uuid DEFAULT uuid_generate_v4() NOT NULL,
                first_name varchar,
                last_name varchar,
                email varchar unique,
                password varchar,
                otp varchar(6),
                is_verified boolean default false,
                last_login_at timestamp default null,
                created_at TIMESTAMP NOT NULL DEFAULT NOW(),
                updated_at TIMESTAMP NOT NULL DEFAULT NOW(),
                primary key(id)
            );
[2023-02-04T05:03:21.754Z][QUERY]: INSERT INTO "typeorm_migrations"("timestamp", "name") VALUES ($1, $2) -- PARAMETERS: [1675486380446,"CreateUsersTable1675486380446"]
[2023-02-04T05:03:21.755Z]Migration CreateUsersTable1675486380446 has been  executed successfully.
[2023-02-04T05:03:21.756Z][QUERY]: COMMIT
